<?xml version="1.0" encoding="UTF-8"?>
<coverage generated="1557348338">
  <project timestamp="1557348338">
    <package name="VcAsh">
      <file name="I:\xampp_shared\virtual\dev.ashbulcroft.work\public_html\shopify\vc-ash\simplecirc-api\src/Address.php">
        <class name="Address" namespace="VcAsh">
          <metrics complexity="14" methods="13" coveredmethods="13" conditionals="0" coveredconditionals="0" statements="21" coveredstatements="21" elements="34" coveredelements="34"/>
        </class>
        <line num="25" type="method" name="__construct" visibility="public" complexity="2" crap="2" count="9"/>
        <line num="27" type="stmt" count="9"/>
        <line num="28" type="stmt" count="9"/>
        <line num="30" type="stmt" count="9"/>
        <line num="35" type="method" name="setAddress1" visibility="public" complexity="1" crap="1" count="9"/>
        <line num="36" type="stmt" count="9"/>
        <line num="37" type="stmt" count="9"/>
        <line num="40" type="method" name="setAddress2" visibility="public" complexity="1" crap="1" count="9"/>
        <line num="41" type="stmt" count="9"/>
        <line num="42" type="stmt" count="9"/>
        <line num="45" type="method" name="setCity" visibility="public" complexity="1" crap="1" count="9"/>
        <line num="46" type="stmt" count="9"/>
        <line num="47" type="stmt" count="9"/>
        <line num="50" type="method" name="setState" visibility="public" complexity="1" crap="1" count="9"/>
        <line num="51" type="stmt" count="9"/>
        <line num="52" type="stmt" count="9"/>
        <line num="55" type="method" name="setZipcode" visibility="public" complexity="1" crap="1" count="9"/>
        <line num="56" type="stmt" count="9"/>
        <line num="57" type="stmt" count="9"/>
        <line num="60" type="method" name="setCountry" visibility="public" complexity="1" crap="1" count="9"/>
        <line num="61" type="stmt" count="9"/>
        <line num="62" type="stmt" count="9"/>
        <line num="68" type="method" name="getAddress1" visibility="public" complexity="1" crap="1" count="4"/>
        <line num="69" type="stmt" count="4"/>
        <line num="72" type="method" name="getAddress2" visibility="public" complexity="1" crap="1" count="4"/>
        <line num="73" type="stmt" count="4"/>
        <line num="76" type="method" name="getCity" visibility="public" complexity="1" crap="1" count="4"/>
        <line num="77" type="stmt" count="4"/>
        <line num="80" type="method" name="getState" visibility="public" complexity="1" crap="1" count="4"/>
        <line num="81" type="stmt" count="4"/>
        <line num="84" type="method" name="getZipcode" visibility="public" complexity="1" crap="1" count="4"/>
        <line num="85" type="stmt" count="4"/>
        <line num="88" type="method" name="getCountry" visibility="public" complexity="1" crap="1" count="4"/>
        <line num="89" type="stmt" count="4"/>
        <metrics loc="91" ncloc="77" classes="1" methods="13" coveredmethods="13" conditionals="0" coveredconditionals="0" statements="21" coveredstatements="21" elements="34" coveredelements="34"/>
      </file>
      <file name="I:\xampp_shared\virtual\dev.ashbulcroft.work\public_html\shopify\vc-ash\simplecirc-api\src/BaseSubscription.php">
        <class name="BaseSubscription" namespace="VcAsh">
          <metrics complexity="8" methods="7" coveredmethods="7" conditionals="0" coveredconditionals="0" statements="12" coveredstatements="12" elements="19" coveredelements="19"/>
        </class>
        <line num="25" type="method" name="__construct" visibility="public" complexity="2" crap="2" count="9"/>
        <line num="27" type="stmt" count="9"/>
        <line num="28" type="stmt" count="9"/>
        <line num="30" type="stmt" count="9"/>
        <line num="36" type="method" name="setPublicationId" visibility="public" complexity="1" crap="1" count="9"/>
        <line num="37" type="stmt" count="9"/>
        <line num="38" type="stmt" count="9"/>
        <line num="41" type="method" name="setNeverExpires" visibility="public" complexity="1" crap="1" count="9"/>
        <line num="42" type="stmt" count="9"/>
        <line num="43" type="stmt" count="9"/>
        <line num="46" type="method" name="setCopies" visibility="public" complexity="1" crap="1" count="9"/>
        <line num="47" type="stmt" count="9"/>
        <line num="48" type="stmt" count="9"/>
        <line num="54" type="method" name="getPublicationId" visibility="public" complexity="1" crap="1" count="4"/>
        <line num="55" type="stmt" count="4"/>
        <line num="58" type="method" name="getNeverExpires" visibility="public" complexity="1" crap="1" count="4"/>
        <line num="59" type="stmt" count="4"/>
        <line num="62" type="method" name="getCopies" visibility="public" complexity="1" crap="1" count="4"/>
        <line num="63" type="stmt" count="4"/>
        <metrics loc="67" ncloc="49" classes="1" methods="7" coveredmethods="7" conditionals="0" coveredconditionals="0" statements="12" coveredstatements="12" elements="19" coveredelements="19"/>
      </file>
      <file name="I:\xampp_shared\virtual\dev.ashbulcroft.work\public_html\shopify\vc-ash\simplecirc-api\src/GiftGiver.php">
        <class name="GiftGiver" namespace="VcAsh">
          <metrics complexity="0" methods="0" coveredmethods="0" conditionals="0" coveredconditionals="0" statements="0" coveredstatements="0" elements="0" coveredelements="0"/>
        </class>
        <metrics loc="14" ncloc="7" classes="1" methods="0" coveredmethods="0" conditionals="0" coveredconditionals="0" statements="0" coveredstatements="0" elements="0" coveredelements="0"/>
      </file>
      <file name="I:\xampp_shared\virtual\dev.ashbulcroft.work\public_html\shopify\vc-ash\simplecirc-api\src/NewSubscription.php">
        <class name="NewSubscription" namespace="VcAsh">
          <metrics complexity="18" methods="17" coveredmethods="17" conditionals="0" coveredconditionals="0" statements="27" coveredstatements="27" elements="44" coveredelements="44"/>
        </class>
        <line num="32" type="method" name="__construct" visibility="public" complexity="2" crap="2" count="4"/>
        <line num="34" type="stmt" count="4"/>
        <line num="35" type="stmt" count="4"/>
        <line num="37" type="stmt" count="4"/>
        <line num="42" type="method" name="setIssuesPurchased" visibility="public" complexity="1" crap="1" count="4"/>
        <line num="43" type="stmt" count="4"/>
        <line num="44" type="stmt" count="4"/>
        <line num="47" type="method" name="setPostageId" visibility="public" complexity="1" crap="1" count="4"/>
        <line num="48" type="stmt" count="4"/>
        <line num="49" type="stmt" count="4"/>
        <line num="52" type="method" name="setPromoCode" visibility="public" complexity="1" crap="1" count="4"/>
        <line num="53" type="stmt" count="4"/>
        <line num="54" type="stmt" count="4"/>
        <line num="57" type="method" name="setGiftgiverAccountId" visibility="public" complexity="1" crap="1" count="4"/>
        <line num="58" type="stmt" count="4"/>
        <line num="59" type="stmt" count="4"/>
        <line num="62" type="method" name="setAmountPaid" visibility="public" complexity="1" crap="1" count="4"/>
        <line num="63" type="stmt" count="4"/>
        <line num="64" type="stmt" count="4"/>
        <line num="67" type="method" name="setAmountDue" visibility="public" complexity="1" crap="1" count="4"/>
        <line num="68" type="stmt" count="4"/>
        <line num="69" type="stmt" count="4"/>
        <line num="72" type="method" name="setTaxAmount" visibility="public" complexity="1" crap="1" count="4"/>
        <line num="73" type="stmt" count="4"/>
        <line num="74" type="stmt" count="4"/>
        <line num="77" type="method" name="setCurrency" visibility="public" complexity="1" crap="1" count="4"/>
        <line num="78" type="stmt" count="4"/>
        <line num="79" type="stmt" count="4"/>
        <line num="86" type="method" name="getIssuesPurchased" visibility="public" complexity="1" crap="1" count="4"/>
        <line num="87" type="stmt" count="4"/>
        <line num="90" type="method" name="getPostageId" visibility="public" complexity="1" crap="1" count="4"/>
        <line num="91" type="stmt" count="4"/>
        <line num="94" type="method" name="getPromoCode" visibility="public" complexity="1" crap="1" count="4"/>
        <line num="95" type="stmt" count="4"/>
        <line num="98" type="method" name="getGiftgiverAccountId" visibility="public" complexity="1" crap="1" count="4"/>
        <line num="99" type="stmt" count="4"/>
        <line num="102" type="method" name="getAmountPaid" visibility="public" complexity="1" crap="1" count="4"/>
        <line num="103" type="stmt" count="4"/>
        <line num="106" type="method" name="getAmountDue" visibility="public" complexity="1" crap="1" count="4"/>
        <line num="107" type="stmt" count="4"/>
        <line num="110" type="method" name="getTaxAmount" visibility="public" complexity="1" crap="1" count="4"/>
        <line num="111" type="stmt" count="4"/>
        <line num="114" type="method" name="getCurrency" visibility="public" complexity="1" crap="1" count="4"/>
        <line num="115" type="stmt" count="4"/>
        <metrics loc="119" ncloc="100" classes="1" methods="17" coveredmethods="17" conditionals="0" coveredconditionals="0" statements="27" coveredstatements="27" elements="44" coveredelements="44"/>
      </file>
      <file name="I:\xampp_shared\virtual\dev.ashbulcroft.work\public_html\shopify\vc-ash\simplecirc-api\src/SimpleCircApi.php">
        <class name="SimpleCircApi" namespace="VcAsh">
          <metrics complexity="33" methods="14" coveredmethods="14" conditionals="0" coveredconditionals="0" statements="130" coveredstatements="130" elements="144" coveredelements="144"/>
        </class>
        <line num="22" type="method" name="__construct" visibility="public" complexity="1" crap="1" count="10"/>
        <line num="24" type="stmt" count="10"/>
        <line num="25" type="stmt" count="10"/>
        <line num="26" type="stmt" count="10"/>
        <line num="27" type="stmt" count="10"/>
        <line num="29" type="method" name="setApiUrl" visibility="public" complexity="1" crap="1" count="10"/>
        <line num="30" type="stmt" count="10"/>
        <line num="31" type="stmt" count="10"/>
        <line num="34" type="method" name="setApiUser" visibility="public" complexity="1" crap="1" count="10"/>
        <line num="35" type="stmt" count="10"/>
        <line num="36" type="stmt" count="10"/>
        <line num="39" type="method" name="setApiKey" visibility="public" complexity="1" crap="1" count="10"/>
        <line num="40" type="stmt" count="10"/>
        <line num="41" type="stmt" count="10"/>
        <line num="44" type="method" name="setApiEndpoint" visibility="public" complexity="1" crap="1" count="10"/>
        <line num="45" type="stmt" count="10"/>
        <line num="46" type="stmt" count="10"/>
        <line num="49" type="method" name="getApiEndpoint" visibility="public" complexity="1" crap="1" count="10"/>
        <line num="50" type="stmt" count="10"/>
        <line num="53" type="method" name="getSubscribers" visibility="public" complexity="3" crap="3" count="3"/>
        <line num="54" type="stmt" count="3"/>
        <line num="55" type="stmt" count="3"/>
        <line num="57" type="stmt" count="3"/>
        <line num="58" type="stmt" count="1"/>
        <line num="61" type="stmt" count="3"/>
        <line num="62" type="stmt" count="3"/>
        <line num="64" type="stmt" count="2"/>
        <line num="65" type="stmt" count="2"/>
        <line num="66" type="stmt" count="2"/>
        <line num="68" type="stmt" count="2"/>
        <line num="71" type="method" name="getSubscriber" visibility="public" complexity="1" crap="1" count="4"/>
        <line num="72" type="stmt" count="4"/>
        <line num="74" type="stmt" count="4"/>
        <line num="75" type="stmt" count="4"/>
        <line num="77" type="stmt" count="4"/>
        <line num="79" type="stmt" count="4"/>
        <line num="82" type="method" name="saveSubscriber" visibility="public" complexity="2" crap="2" count="6"/>
        <line num="84" type="stmt" count="6"/>
        <line num="85" type="stmt" count="3"/>
        <line num="89" type="stmt" count="3"/>
        <line num="93" type="method" name="createSubscriber" visibility="public" complexity="8" crap="8" count="3"/>
        <line num="94" type="stmt" count="3"/>
        <line num="95" type="stmt" count="3"/>
        <line num="96" type="stmt" count="3"/>
        <line num="97" type="stmt" count="3"/>
        <line num="99" type="stmt" count="3"/>
        <line num="101" type="stmt" count="2"/>
        <line num="102" type="stmt" count="2"/>
        <line num="103" type="stmt" count="2"/>
        <line num="104" type="stmt" count="2"/>
        <line num="105" type="stmt" count="2"/>
        <line num="106" type="stmt" count="2"/>
        <line num="108" type="stmt" count="2"/>
        <line num="110" type="stmt" count="1"/>
        <line num="111" type="stmt" count="1"/>
        <line num="112" type="stmt" count="1"/>
        <line num="113" type="stmt" count="1"/>
        <line num="114" type="stmt" count="1"/>
        <line num="115" type="stmt" count="1"/>
        <line num="118" type="stmt" count="3"/>
        <line num="119" type="stmt" count="3"/>
        <line num="121" type="stmt" count="3"/>
        <line num="123" type="stmt" count="3"/>
        <line num="124" type="stmt" count="2"/>
        <line num="128" type="stmt" count="3"/>
        <line num="130" type="stmt" count="3"/>
        <line num="131" type="stmt" count="3"/>
        <line num="132" type="stmt" count="3"/>
        <line num="135" type="stmt" count="3"/>
        <line num="136" type="stmt" count="3"/>
        <line num="139" type="stmt" count="3"/>
        <line num="142" type="method" name="updateSubscriber" visibility="public" complexity="8" crap="8" count="3"/>
        <line num="143" type="stmt" count="3"/>
        <line num="144" type="stmt" count="3"/>
        <line num="146" type="stmt" count="3"/>
        <line num="147" type="stmt" count="1"/>
        <line num="149" type="stmt" count="3"/>
        <line num="150" type="stmt" count="1"/>
        <line num="152" type="stmt" count="3"/>
        <line num="153" type="stmt" count="1"/>
        <line num="156" type="stmt" count="3"/>
        <line num="157" type="stmt" count="1"/>
        <line num="158" type="stmt" count="1"/>
        <line num="160" type="stmt" count="1"/>
        <line num="161" type="stmt" count="1"/>
        <line num="162" type="stmt" count="1"/>
        <line num="163" type="stmt" count="1"/>
        <line num="166" type="stmt" count="3"/>
        <line num="167" type="stmt" count="1"/>
        <line num="168" type="stmt" count="1"/>
        <line num="169" type="stmt" count="1"/>
        <line num="172" type="stmt" count="3"/>
        <line num="174" type="stmt" count="1"/>
        <line num="175" type="stmt" count="1"/>
        <line num="176" type="stmt" count="1"/>
        <line num="179" type="stmt" count="1"/>
        <line num="180" type="stmt" count="1"/>
        <line num="183" type="stmt" count="3"/>
        <line num="186" type="method" name="updateSubscriberAddress" visibility="public" complexity="1" crap="1" count="1"/>
        <line num="187" type="stmt" count="1"/>
        <line num="189" type="stmt" count="1"/>
        <line num="190" type="stmt" count="1"/>
        <line num="191" type="stmt" count="1"/>
        <line num="192" type="stmt" count="1"/>
        <line num="193" type="stmt" count="1"/>
        <line num="194" type="stmt" count="1"/>
        <line num="196" type="stmt" count="1"/>
        <line num="197" type="stmt" count="1"/>
        <line num="199" type="stmt" count="1"/>
        <line num="202" type="method" name="updateSubscriberSubscription" visibility="public" complexity="1" crap="1" count="4"/>
        <line num="203" type="stmt" count="4"/>
        <line num="205" type="stmt" count="4"/>
        <line num="206" type="stmt" count="4"/>
        <line num="207" type="stmt" count="4"/>
        <line num="208" type="stmt" count="4"/>
        <line num="209" type="stmt" count="4"/>
        <line num="210" type="stmt" count="4"/>
        <line num="211" type="stmt" count="4"/>
        <line num="212" type="stmt" count="4"/>
        <line num="213" type="stmt" count="4"/>
        <line num="214" type="stmt" count="4"/>
        <line num="215" type="stmt" count="4"/>
        <line num="217" type="stmt" count="4"/>
        <line num="218" type="stmt" count="4"/>
        <line num="220" type="stmt" count="4"/>
        <line num="223" type="method" name="sendRequest" visibility="public" complexity="3" crap="3" count="10"/>
        <line num="224" type="stmt" count="10"/>
        <line num="225" type="stmt" count="10"/>
        <line num="226" type="stmt" count="10"/>
        <line num="227" type="stmt" count="6"/>
        <line num="228" type="stmt" count="6"/>
        <line num="229" type="stmt" count="6"/>
        <line num="231" type="stmt" count="10"/>
        <line num="232" type="stmt" count="10"/>
        <line num="233" type="stmt" count="10"/>
        <line num="234" type="stmt" count="10"/>
        <line num="235" type="stmt" count="10"/>
        <line num="237" type="stmt" count="10"/>
        <line num="238" type="stmt" count="10"/>
        <line num="239" type="stmt" count="10"/>
        <line num="240" type="stmt" count="10"/>
        <line num="242" type="stmt" count="10"/>
        <line num="243" type="stmt" count="1"/>
        <line num="246" type="stmt" count="9"/>
        <metrics loc="249" ncloc="219" classes="1" methods="14" coveredmethods="14" conditionals="0" coveredconditionals="0" statements="130" coveredstatements="130" elements="144" coveredelements="144"/>
      </file>
      <file name="I:\xampp_shared\virtual\dev.ashbulcroft.work\public_html\shopify\vc-ash\simplecirc-api\src/Subscriber.php">
        <class name="Subscriber" namespace="VcAsh">
          <metrics complexity="42" methods="37" coveredmethods="37" conditionals="0" coveredconditionals="0" statements="71" coveredstatements="71" elements="108" coveredelements="108"/>
        </class>
        <line num="33" type="method" name="__construct" visibility="public" complexity="2" crap="2" count="9"/>
        <line num="35" type="stmt" count="9"/>
        <line num="36" type="stmt" count="8"/>
        <line num="37" type="stmt" count="8"/>
        <line num="39" type="stmt" count="1"/>
        <line num="40" type="stmt" count="1"/>
        <line num="42" type="stmt" count="9"/>
        <line num="44" type="method" name="setAccountId" visibility="public" complexity="1" crap="1" count="9"/>
        <line num="45" type="stmt" count="9"/>
        <line num="46" type="stmt" count="9"/>
        <line num="47" type="stmt" count="9"/>
        <line num="50" type="method" name="setRenewalLink" visibility="public" complexity="1" crap="1" count="9"/>
        <line num="51" type="stmt" count="9"/>
        <line num="52" type="stmt" count="9"/>
        <line num="55" type="method" name="setName" visibility="public" complexity="1" crap="1" count="9"/>
        <line num="56" type="stmt" count="9"/>
        <line num="57" type="stmt" count="9"/>
        <line num="60" type="method" name="setFirstName" visibility="public" complexity="1" crap="1" count="9"/>
        <line num="61" type="stmt" count="9"/>
        <line num="62" type="stmt" count="9"/>
        <line num="65" type="method" name="setLastName" visibility="public" complexity="1" crap="1" count="9"/>
        <line num="66" type="stmt" count="9"/>
        <line num="67" type="stmt" count="9"/>
        <line num="70" type="method" name="setEmail" visibility="public" complexity="1" crap="1" count="9"/>
        <line num="71" type="stmt" count="9"/>
        <line num="72" type="stmt" count="9"/>
        <line num="75" type="method" name="setCompany" visibility="public" complexity="1" crap="1" count="9"/>
        <line num="76" type="stmt" count="9"/>
        <line num="77" type="stmt" count="9"/>
        <line num="80" type="method" name="setAddress" visibility="public" complexity="1" crap="1" count="9"/>
        <line num="81" type="stmt" count="9"/>
        <line num="82" type="stmt" count="9"/>
        <line num="85" type="method" name="setSubscriptions" visibility="public" complexity="3" crap="3" count="9"/>
        <line num="86" type="stmt" count="9"/>
        <line num="87" type="stmt" count="9"/>
        <line num="88" type="stmt" count="9"/>
        <line num="89" type="stmt" count="9"/>
        <line num="90" type="stmt" count="9"/>
        <line num="92" type="stmt" count="9"/>
        <line num="95" type="method" name="setSubscription" visibility="public" complexity="1" crap="1" count="9"/>
        <line num="96" type="stmt" count="9"/>
        <line num="97" type="stmt" count="9"/>
        <line num="102" type="method" name="getAccountId" visibility="public" complexity="1" crap="1" count="6"/>
        <line num="103" type="stmt" count="6"/>
        <line num="106" type="method" name="getRenewalLink" visibility="public" complexity="1" crap="1" count="3"/>
        <line num="107" type="stmt" count="3"/>
        <line num="110" type="method" name="getName" visibility="public" complexity="1" crap="1" count="4"/>
        <line num="111" type="stmt" count="4"/>
        <line num="114" type="method" name="getFirstName" visibility="public" complexity="1" crap="1" count="3"/>
        <line num="115" type="stmt" count="3"/>
        <line num="118" type="method" name="getLastName" visibility="public" complexity="1" crap="1" count="3"/>
        <line num="119" type="stmt" count="3"/>
        <line num="122" type="method" name="getEmail" visibility="public" complexity="1" crap="1" count="4"/>
        <line num="123" type="stmt" count="4"/>
        <line num="126" type="method" name="getCompany" visibility="public" complexity="1" crap="1" count="4"/>
        <line num="127" type="stmt" count="4"/>
        <line num="130" type="method" name="getAddress" visibility="public" complexity="1" crap="1" count="4"/>
        <line num="131" type="stmt" count="4"/>
        <line num="134" type="method" name="getSubscriptions" visibility="public" complexity="1" crap="1" count="4"/>
        <line num="135" type="stmt" count="4"/>
        <line num="141" type="method" name="setNewAddress" visibility="public" complexity="1" crap="1" count="3"/>
        <line num="142" type="stmt" count="3"/>
        <line num="143" type="stmt" count="3"/>
        <line num="146" type="method" name="getNewAddress" visibility="public" complexity="1" crap="1" count="6"/>
        <line num="147" type="stmt" count="6"/>
        <line num="150" type="method" name="unsetNewAddress" visibility="public" complexity="1" crap="1" count="3"/>
        <line num="151" type="stmt" count="3"/>
        <line num="153" type="stmt" count="3"/>
        <line num="159" type="method" name="setNewName" visibility="public" complexity="1" crap="1" count="1"/>
        <line num="160" type="stmt" count="1"/>
        <line num="161" type="stmt" count="1"/>
        <line num="164" type="method" name="setNewEmail" visibility="public" complexity="1" crap="1" count="1"/>
        <line num="165" type="stmt" count="1"/>
        <line num="166" type="stmt" count="1"/>
        <line num="169" type="method" name="setNewCompany" visibility="public" complexity="1" crap="1" count="1"/>
        <line num="170" type="stmt" count="1"/>
        <line num="171" type="stmt" count="1"/>
        <line num="174" type="method" name="getNewName" visibility="public" complexity="1" crap="1" count="6"/>
        <line num="175" type="stmt" count="6"/>
        <line num="178" type="method" name="getNewEmail" visibility="public" complexity="1" crap="1" count="6"/>
        <line num="179" type="stmt" count="6"/>
        <line num="182" type="method" name="getNewCompany" visibility="public" complexity="1" crap="1" count="6"/>
        <line num="183" type="stmt" count="6"/>
        <line num="186" type="method" name="unsetNewName" visibility="public" complexity="1" crap="1" count="1"/>
        <line num="187" type="stmt" count="1"/>
        <line num="188" type="stmt" count="1"/>
        <line num="191" type="method" name="unsetNewEmail" visibility="public" complexity="1" crap="1" count="1"/>
        <line num="192" type="stmt" count="1"/>
        <line num="193" type="stmt" count="1"/>
        <line num="196" type="method" name="unsetNewCompany" visibility="public" complexity="1" crap="1" count="1"/>
        <line num="197" type="stmt" count="1"/>
        <line num="198" type="stmt" count="1"/>
        <line num="204" type="method" name="addNewSubscriptions" visibility="public" complexity="3" crap="3" count="1"/>
        <line num="205" type="stmt" count="1"/>
        <line num="206" type="stmt" count="1"/>
        <line num="207" type="stmt" count="1"/>
        <line num="208" type="stmt" count="1"/>
        <line num="210" type="stmt" count="1"/>
        <line num="213" type="method" name="addNewSubscription" visibility="public" complexity="1" crap="1" count="4"/>
        <line num="214" type="stmt" count="4"/>
        <line num="215" type="stmt" count="4"/>
        <line num="218" type="method" name="getNewSubscriptions" visibility="public" complexity="1" crap="1" count="6"/>
        <line num="219" type="stmt" count="6"/>
        <line num="222" type="method" name="unsetNewSubscriptions" visibility="public" complexity="1" crap="1" count="4"/>
        <line num="223" type="stmt" count="4"/>
        <line num="224" type="stmt" count="4"/>
        <line num="227" type="method" name="getIsNew" visibility="public" complexity="1" crap="1" count="6"/>
        <line num="228" type="stmt" count="6"/>
        <metrics loc="231" ncloc="214" classes="1" methods="37" coveredmethods="37" conditionals="0" coveredconditionals="0" statements="71" coveredstatements="71" elements="108" coveredelements="108"/>
      </file>
      <file name="I:\xampp_shared\virtual\dev.ashbulcroft.work\public_html\shopify\vc-ash\simplecirc-api\src/Subscription.php">
        <class name="Subscription" namespace="VcAsh">
          <metrics complexity="17" methods="15" coveredmethods="15" conditionals="0" coveredconditionals="0" statements="25" coveredstatements="25" elements="40" coveredelements="40"/>
        </class>
        <line num="30" type="method" name="__construct" visibility="public" complexity="2" crap="2" count="9"/>
        <line num="32" type="stmt" count="9"/>
        <line num="33" type="stmt" count="9"/>
        <line num="35" type="stmt" count="9"/>
        <line num="40" type="method" name="setSubscriptionId" visibility="public" complexity="1" crap="1" count="9"/>
        <line num="41" type="stmt" count="9"/>
        <line num="42" type="stmt" count="9"/>
        <line num="45" type="method" name="setPublicationName" visibility="public" complexity="1" crap="1" count="9"/>
        <line num="46" type="stmt" count="9"/>
        <line num="47" type="stmt" count="9"/>
        <line num="50" type="method" name="setStatus" visibility="public" complexity="1" crap="1" count="9"/>
        <line num="51" type="stmt" count="9"/>
        <line num="52" type="stmt" count="9"/>
        <line num="55" type="method" name="setDigitalStatus" visibility="public" complexity="1" crap="1" count="9"/>
        <line num="56" type="stmt" count="9"/>
        <line num="57" type="stmt" count="9"/>
        <line num="60" type="method" name="setExpirationDate" visibility="public" complexity="1" crap="1" count="9"/>
        <line num="61" type="stmt" count="9"/>
        <line num="62" type="stmt" count="9"/>
        <line num="65" type="method" name="setIssuesRemaining" visibility="public" complexity="1" crap="1" count="9"/>
        <line num="66" type="stmt" count="9"/>
        <line num="67" type="stmt" count="9"/>
        <line num="70" type="method" name="setGiftgiver" visibility="public" complexity="2" crap="2" count="9"/>
        <line num="71" type="stmt" count="9"/>
        <line num="72" type="stmt" count="1"/>
        <line num="74" type="stmt" count="9"/>
        <line num="80" type="method" name="getSubscriptionId" visibility="public" complexity="1" crap="1" count="3"/>
        <line num="81" type="stmt" count="3"/>
        <line num="84" type="method" name="getPublicationName" visibility="public" complexity="1" crap="1" count="3"/>
        <line num="85" type="stmt" count="3"/>
        <line num="88" type="method" name="getStatus" visibility="public" complexity="1" crap="1" count="3"/>
        <line num="89" type="stmt" count="3"/>
        <line num="92" type="method" name="getDigitalStatus" visibility="public" complexity="1" crap="1" count="3"/>
        <line num="93" type="stmt" count="3"/>
        <line num="96" type="method" name="getExpirationDate" visibility="public" complexity="1" crap="1" count="3"/>
        <line num="97" type="stmt" count="3"/>
        <line num="100" type="method" name="getIssuesRemaining" visibility="public" complexity="1" crap="1" count="4"/>
        <line num="101" type="stmt" count="4"/>
        <line num="104" type="method" name="getGiftgiver" visibility="public" complexity="1" crap="1" count="3"/>
        <line num="105" type="stmt" count="3"/>
        <metrics loc="109" ncloc="91" classes="1" methods="15" coveredmethods="15" conditionals="0" coveredconditionals="0" statements="25" coveredstatements="25" elements="40" coveredelements="40"/>
      </file>
    </package>
    <package name="VcAsh\Exception">
      <file name="I:\xampp_shared\virtual\dev.ashbulcroft.work\public_html\shopify\vc-ash\simplecirc-api\src/Exception/ApiError.php">
        <class name="ApiError" namespace="VcAsh\Exception">
          <metrics complexity="2" methods="1" coveredmethods="1" conditionals="0" coveredconditionals="0" statements="6" coveredstatements="6" elements="7" coveredelements="7"/>
        </class>
        <line num="9" type="method" name="__construct" visibility="public" complexity="2" crap="2" count="1"/>
        <line num="10" type="stmt" count="1"/>
        <line num="11" type="stmt" count="1"/>
        <line num="12" type="stmt" count="1"/>
        <line num="13" type="stmt" count="1"/>
        <line num="14" type="stmt" count="1"/>
        <line num="15" type="stmt" count="1"/>
        <metrics loc="16" ncloc="16" classes="1" methods="1" coveredmethods="1" conditionals="0" coveredconditionals="0" statements="6" coveredstatements="6" elements="7" coveredelements="7"/>
      </file>
    </package>
    <package name="VcAsh\Traits">
      <file name="I:\xampp_shared\virtual\dev.ashbulcroft.work\public_html\shopify\vc-ash\simplecirc-api\src/Traits/Hydrate.php">
        <class name="Hydrate" namespace="VcAsh\Traits">
          <metrics complexity="3" methods="1" coveredmethods="1" conditionals="0" coveredconditionals="0" statements="6" coveredstatements="6" elements="7" coveredelements="7"/>
        </class>
        <line num="5" type="method" name="hydrate" visibility="public" complexity="3" crap="3" count="9"/>
        <line num="6" type="stmt" count="9"/>
        <line num="7" type="stmt" count="9"/>
        <line num="8" type="stmt" count="9"/>
        <line num="9" type="stmt" count="9"/>
        <line num="11" type="stmt" count="9"/>
        <line num="12" type="stmt" count="9"/>
        <metrics loc="14" ncloc="14" classes="1" methods="1" coveredmethods="1" conditionals="0" coveredconditionals="0" statements="6" coveredstatements="6" elements="7" coveredelements="7"/>
      </file>
    </package>
    <metrics files="9" loc="910" ncloc="787" classes="9" methods="105" coveredmethods="105" conditionals="0" coveredconditionals="0" statements="298" coveredstatements="298" elements="403" coveredelements="403"/>
  </project>
</coverage>
