<?xml version="1.0" encoding="UTF-8"?>
<testsuites>
  <testsuite name="Unit" tests="10" assertions="87" failures="0" errors="0" time="13.157889">
    <testsuite name="Tests\Unit\SimpleCircApiTest" file="I:\xampp_shared\virtual\dev.ashbulcroft.work\public_html\shopify\vc-ash\simplecirc-api\tests\Unit\SimpleCircApiTest.php" tests="10" assertions="87" failures="0" errors="0" time="13.157889">
      <testcase name="test_aApiCallWithInvalidPassword_expectExceptionApiError" class="Tests\Unit\SimpleCircApiTest" file="I:\xampp_shared\virtual\dev.ashbulcroft.work\public_html\shopify\vc-ash\simplecirc-api\tests\Unit\SimpleCircApiTest.php" line="61" assertions="2" time="1.674816"/>
      <testcase name="test_getSubscribers_withLimit10_expectArrayOfObjectResults" class="Tests\Unit\SimpleCircApiTest" file="I:\xampp_shared\virtual\dev.ashbulcroft.work\public_html\shopify\vc-ash\simplecirc-api\tests\Unit\SimpleCircApiTest.php" line="69" assertions="3" time="1.091381"/>
      <testcase name="test_getSubscribers_withLimit3AndEmail_expectArrayOfObjectResults" class="Tests\Unit\SimpleCircApiTest" file="I:\xampp_shared\virtual\dev.ashbulcroft.work\public_html\shopify\vc-ash\simplecirc-api\tests\Unit\SimpleCircApiTest.php" line="78" assertions="3" time="0.435199"/>
      <testsuite name="Tests\Unit\SimpleCircApiTest::test_saveSubscriberIsNewByHydrationWithAddressAndNewSubscription_expectObjectOfResults" tests="1" assertions="17" failures="0" errors="0" time="1.450122">
        <testcase name="test_saveSubscriberIsNewByHydrationWithAddressAndNewSubscription_expectObjectOfResults with data set #0" assertions="17" time="1.450122"/>
      </testsuite>
      <testsuite name="Tests\Unit\SimpleCircApiTest::test_saveSubscriberIsNewByHydrationWithNewAddressAndNewSubscription_expectObjectOfResults" tests="1" assertions="17" failures="0" errors="0" time="1.317654">
        <testcase name="test_saveSubscriberIsNewByHydrationWithNewAddressAndNewSubscription_expectObjectOfResults with data set #0" assertions="17" time="1.317654"/>
      </testsuite>
      <testsuite name="Tests\Unit\SimpleCircApiTest::test_saveSubscriberIsNewByInstantiationWithNewAddressObjectAndNewSubscriptionObject_expectObjectOfResults" tests="1" assertions="17" failures="0" errors="0" time="1.277499">
        <testcase name="test_saveSubscriberIsNewByInstantiationWithNewAddressObjectAndNewSubscriptionObject_expectObjectOfResults with data set #0" assertions="17" time="1.277499"/>
      </testsuite>
      <testcase name="test_getSubscriber_expectObjectOfResults" class="Tests\Unit\SimpleCircApiTest" file="I:\xampp_shared\virtual\dev.ashbulcroft.work\public_html\shopify\vc-ash\simplecirc-api\tests\Unit\SimpleCircApiTest.php" line="267" assertions="2" time="0.464846"/>
      <testsuite name="Tests\Unit\SimpleCircApiTest::test_saveSubscriberWithNewBaseInfo_expectObjectOfResults" tests="1" assertions="8" failures="0" errors="0" time="1.528115">
        <testcase name="test_saveSubscriberWithNewBaseInfo_expectObjectOfResults with data set #0" assertions="8" time="1.528115"/>
      </testsuite>
      <testsuite name="Tests\Unit\SimpleCircApiTest::test_saveSubscriberWithNewAddress_expectObjectOfResults" tests="1" assertions="14" failures="0" errors="0" time="1.668829">
        <testcase name="test_saveSubscriberWithNewAddress_expectObjectOfResults with data set #0" assertions="14" time="1.668829"/>
      </testsuite>
      <testsuite name="Tests\Unit\SimpleCircApiTest::test_saveSubscriberWithNewSubscription_expectObjectOfResults" tests="1" assertions="4" failures="0" errors="0" time="2.249428">
        <testcase name="test_saveSubscriberWithNewSubscription_expectObjectOfResults with data set #0" assertions="4" time="2.249428"/>
      </testsuite>
    </testsuite>
  </testsuite>
</testsuites>
